[Sat May 06 2017 12:43:36 GMT+0200 (DST)] INFO Init:Loaded Log Stream
[Sat May 06 2017 12:43:36 GMT+0200 (DST)] INFO Init:Created Clingy
[Sat May 06 2017 12:43:36 GMT+0200 (DST)] INFO Init:Created Discord Client
[Sat May 06 2017 12:43:36 GMT+0200 (DST)] INFO Init:Loaded Cache
[Sat May 06 2017 12:43:36 GMT+0200 (DST)] INFO Init:Bound Message Event
[Sat May 06 2017 12:43:36 GMT+0200 (DST)] INFO Init:Finished Start
[Sat May 06 2017 12:43:36 GMT+0200 (DST)] INFO Connect:Starting
[Sat May 06 2017 12:43:36 GMT+0200 (DST)] INFO Connect:Attempt Login
[Sat May 06 2017 12:43:38 GMT+0200 (DST)] INFO Connect:Connected
[Sat May 06 2017 12:43:53 GMT+0200 (DST)] INFO Resolving $status
[Sat May 06 2017 12:43:54 GMT+0200 (DST)] INFO SentMsg
[Sat May 06 2017 12:43:58 GMT+0200 (DST)] INFO Resolving $punch
[Sat May 06 2017 12:43:59 GMT+0200 (DST)] INFO SentMsg
[Sat May 06 2017 12:44:03 GMT+0200 (DST)] INFO Resolving $punch
[Sat May 06 2017 12:44:03 GMT+0200 (DST)] INFO SentMsg
[Sat May 06 2017 12:44:06 GMT+0200 (DST)] INFO Resolving $ttt field
[Sat May 06 2017 12:44:06 GMT+0200 (DST)] INFO SentMsg
[Sat May 06 2017 12:44:09 GMT+0200 (DST)] INFO Ignoring $kick
[Sat May 06 2017 12:44:11 GMT+0200 (DST)] INFO Resolving $ttt B 1
[Sat May 06 2017 12:44:12 GMT+0200 (DST)] INFO SentMsg
[Sat May 06 2017 12:44:19 GMT+0200 (DST)] INFO Ignoring $punc
[Sat May 06 2017 12:44:23 GMT+0200 (DST)] INFO Resolving $punch
[Sat May 06 2017 12:44:23 GMT+0200 (DST)] INFO SentMsg
[Sat May 06 2017 12:44:27 GMT+0200 (DST)] INFO Resolving $punch
[Sat May 06 2017 12:44:27 GMT+0200 (DST)] INFO SentMsg
[Sat May 06 2017 12:44:32 GMT+0200 (DST)] INFO Resolving $punch
[Sat May 06 2017 12:44:32 GMT+0200 (DST)] INFO SentMsg
[Sat May 06 2017 12:44:33 GMT+0200 (DST)] INFO Resolving $ship <@128985967875850240> <@199786185952854016>
[Sat May 06 2017 12:44:33 GMT+0200 (DST)] INFO SentMsg
[Sat May 06 2017 12:44:52 GMT+0200 (DST)] INFO Resolving $punch
[Sat May 06 2017 12:44:53 GMT+0200 (DST)] INFO SentMsg
[Sat May 06 2017 12:45:06 GMT+0200 (DST)] INFO Resolving $punch
[Sat May 06 2017 12:45:06 GMT+0200 (DST)] INFO SentMsg
[Sat May 06 2017 12:45:15 GMT+0200 (DST)] INFO Resolving $punch
[Sat May 06 2017 12:45:16 GMT+0200 (DST)] INFO SentMsg
[Sat May 06 2017 12:45:18 GMT+0200 (DST)] INFO Resolving $punch
[Sat May 06 2017 12:45:18 GMT+0200 (DST)] INFO Resolving $hug
[Sat May 06 2017 12:45:19 GMT+0200 (DST)] INFO SentMsg
[Sat May 06 2017 12:45:19 GMT+0200 (DST)] INFO SentMsg
[Sat May 06 2017 12:45:21 GMT+0200 (DST)] INFO Resolving $punch
[Sat May 06 2017 12:45:21 GMT+0200 (DST)] INFO SentMsg
[Sat May 06 2017 12:45:22 GMT+0200 (DST)] INFO Resolving $hug
[Sat May 06 2017 12:45:22 GMT+0200 (DST)] INFO SentMsg
[Sat May 06 2017 12:45:24 GMT+0200 (DST)] INFO Resolving $help
[Sat May 06 2017 12:45:24 GMT+0200 (DST)] INFO SentMsg
[Sat May 06 2017 12:45:26 GMT+0200 (DST)] INFO Resolving $hug
[Sat May 06 2017 12:45:26 GMT+0200 (DST)] INFO SentMsg
[Sat May 06 2017 12:45:27 GMT+0200 (DST)] INFO Resolving $punch
[Sat May 06 2017 12:45:28 GMT+0200 (DST)] INFO SentMsg
[Sat May 06 2017 12:45:28 GMT+0200 (DST)] INFO Resolving $hug
[Sat May 06 2017 12:45:29 GMT+0200 (DST)] INFO SentMsg
[Sat May 06 2017 12:45:30 GMT+0200 (DST)] INFO Resolving $punch
[Sat May 06 2017 12:45:30 GMT+0200 (DST)] INFO SentMsg
[Sat May 06 2017 12:45:31 GMT+0200 (DST)] INFO Resolving $pet
[Sat May 06 2017 12:45:31 GMT+0200 (DST)] INFO SentMsg
[Sat May 06 2017 12:45:35 GMT+0200 (DST)] INFO Resolving $water
[Sat May 06 2017 12:45:36 GMT+0200 (DST)] INFO SentMsg
[Sat May 06 2017 12:45:39 GMT+0200 (DST)] INFO Resolving $water
[Sat May 06 2017 12:45:39 GMT+0200 (DST)] INFO SentMsg
[Sat May 06 2017 12:45:41 GMT+0200 (DST)] INFO Resolving $meow
[Sat May 06 2017 12:45:42 GMT+0200 (DST)] INFO SentMsg
[Sat May 06 2017 12:45:45 GMT+0200 (DST)] INFO Resolving $status
[Sat May 06 2017 12:45:45 GMT+0200 (DST)] INFO SentMsg
